<?xml version="1.0" encoding="UTF-8"?>
<!-- Generated by org.testng.reporters.JUnitReportReporter -->
<testsuite hostname="YPM2282.local" name="pageElements.Test" tests="2" failures="0" timestamp="3 Sep 2013 14:36:25 GMT" time="4.004" errors="0">
  <testcase name="test_fourth" time="1.366" classname="pageElements.Test"/>
  <testcase name="test_fourth" time="2.638" classname="pageElements.Test"/>
</testsuite> <!-- pageElements.Test -->
